<?xml version="1.0" encoding="UTF-8"?>
<!-- Generated by org.testng.reporters.JUnitReportReporter -->
<testsuite hostname="DESKTOP-1LCU6CA" failures="0" tests="1" name="testCases.VerifyHamburgerMenu" time="22.370" errors="0" timestamp="2024-01-29T23:42:46 IST" skipped="0">
  <testcase classname="testCases.VerifyHamburgerMenu" name="hamburgMenu" time="22.370"/>
</testsuite> <!-- testCases.VerifyHamburgerMenu -->
